<?xml version="1.0" encoding="UTF-8"?>
<!-- Generated by org.testng.reporters.JUnitReportReporter -->
<testsuite hostname="YogaFire-LP" name="runners.MainRunner" tests="1" failures="0" timestamp="23 Jan 2019 22:58:49 GMT" time="29.513" errors="0">
  <testcase name="feature" time="29.513" classname="runners.MainRunner"/>
</testsuite> <!-- runners.MainRunner -->
