<?xml version="1.0" encoding="UTF-8"?>
<!-- Generated by org.testng.reporters.JUnitReportReporter -->
<testsuite hostname="Lenovo-PC" name="runners.MainRunner" tests="1" failures="0" timestamp="20 Jan 2019 10:27:44 GMT" time="14.858" errors="0">
  <testcase name="feature" time="14.858" classname="runners.MainRunner"/>
</testsuite> <!-- runners.MainRunner -->
