<?xml version="1.0" encoding="UTF-8"?>
<!-- Generated by org.testng.reporters.JUnitReportReporter -->
<testsuite hostname="YogaFire-LP" name="runners.MainRunner" tests="1" failures="0" timestamp="26 Jan 2019 12:38:48 GMT" time="53.768" errors="0">
  <testcase name="feature" time="53.768" classname="runners.MainRunner"/>
</testsuite> <!-- runners.MainRunner -->
