<?xml version="1.0" encoding="UTF-8"?>
<!-- Generated by org.testng.reporters.JUnitReportReporter -->
<testsuite hostname="ROQ-028" name="runners.MainRunner" tests="1" failures="0" timestamp="28 Jan 2019 15:19:59 GMT" time="67.789" errors="0">
  <testcase name="feature" time="67.789" classname="runners.MainRunner"/>
</testsuite> <!-- runners.MainRunner -->
