<?xml version="1.0" encoding="UTF-8"?>
<!-- Generated by org.testng.reporters.JUnitReportReporter -->
<testsuite hostname="Lenovo-PC" name="runners.MainRunner" tests="1" failures="0" timestamp="19 Jan 2019 11:12:31 GMT" time="29.265" errors="0">
  <testcase name="feature" time="29.265" classname="runners.MainRunner"/>
</testsuite> <!-- runners.MainRunner -->
