<?xml version="1.0" encoding="UTF-8"?>
<!-- Generated by org.testng.reporters.JUnitReportReporter -->
<testsuite hostname="ROQ-028" name="runners.MainRunner" tests="1" failures="0" timestamp="23 Jan 2019 15:46:51 GMT" time="49.967" errors="0">
  <testcase name="feature" time="49.967" classname="runners.MainRunner"/>
</testsuite> <!-- runners.MainRunner -->
