<?xml version="1.0" encoding="UTF-8"?>
<!-- Generated by org.testng.reporters.JUnitReportReporter -->
<testsuite hostname="Lenovo-PC" name="runners.MainRunner" tests="1" failures="0" timestamp="27 Jan 2019 13:01:58 GMT" time="33.808" errors="0">
  <testcase name="feature" time="33.808" classname="runners.MainRunner"/>
</testsuite> <!-- runners.MainRunner -->
